#-----------------------------------------------------------
# Vivado v2018.2 (64-bit)
# SW Build 2258646 on Thu Jun 14 20:03:12 MDT 2018
# IP Build 2256618 on Thu Jun 14 22:10:49 MDT 2018
# Start of session at: Wed Feb 18 13:40:26 2026
# Process ID: 17460
# Current directory: D:/DSD/Lab1/Vivado/project_1
# Command line: vivado.exe -gui_launcher_event rodinguilauncherevent10636 D:\DSD\Lab1\Vivado\project_1\project_1.xpr
# Log file: D:/DSD/Lab1/Vivado/project_1/vivado.log
# Journal file: D:/DSD/Lab1/Vivado/project_1\vivado.jou
#-----------------------------------------------------------
start_gui
open_project D:/DSD/Lab1/Vivado/project_1/project_1.xpr
CRITICAL WARNING: [Project 1-19] Could not find the file 'D:/DSD/Lab1/and_gate.sv'.
Scanning sources...
Finished scanning sources
INFO: [IP_Flow 19-234] Refreshing IP repositories
INFO: [IP_Flow 19-1704] No user IP repositories specified
INFO: [IP_Flow 19-2313] Loaded Vivado IP repository 'D:/Xilinx/Vivado/2018.2/data/ip'.
open_project: Time (s): cpu = 00:00:13 ; elapsed = 00:00:12 . Memory (MB): peak = 923.598 ; gain = 168.516
update_compile_order -fileset sources_1
exit
INFO: [Common 17-206] Exiting Vivado at Wed Feb 18 13:41:02 2026...
