#-----------------------------------------------------------
# Vivado v2018.2 (64-bit)
# SW Build 2258646 on Thu Jun 14 20:03:12 MDT 2018
# IP Build 2256618 on Thu Jun 14 22:10:49 MDT 2018
# Start of session at: Sat Feb 14 15:04:39 2026
# Process ID: 15100
# Current directory: D:/DSD/Lab1/Vivado/project_1
# Command line: vivado.exe -gui_launcher_event rodinguilauncherevent15980 D:\DSD\Lab1\Vivado\project_1\project_1.xpr
# Log file: D:/DSD/Lab1/Vivado/project_1/vivado.log
# Journal file: D:/DSD/Lab1/Vivado/project_1\vivado.jou
#-----------------------------------------------------------
start_gui
open_project D:/DSD/Lab1/Vivado/project_1/project_1.xpr
Scanning sources...
Finished scanning sources
INFO: [IP_Flow 19-234] Refreshing IP repositories
INFO: [IP_Flow 19-1704] No user IP repositories specified
INFO: [IP_Flow 19-2313] Loaded Vivado IP repository 'D:/Xilinx/Vivado/2018.2/data/ip'.
open_project: Time (s): cpu = 00:00:13 ; elapsed = 00:00:12 . Memory (MB): peak = 890.223 ; gain = 155.961
update_compile_order -fileset sources_1
open_hw
connect_hw_server
INFO: [Labtools 27-2285] Connecting to hw_server url TCP:localhost:3121
INFO: [Labtools 27-2222] Launching hw_server...
INFO: [Labtools 27-2221] Launch Output:

****** Xilinx hw_server v2018.2
  **** Build date : Jun 14 2018-20:42:52
    ** Copyright 1986-2018 Xilinx, Inc. All Rights Reserved.


disconnect_hw_server localhost:3121
connect_hw_server
INFO: [Labtools 27-2285] Connecting to hw_server url TCP:localhost:3121
exit
INFO: [Common 17-206] Exiting Vivado at Sat Feb 14 15:11:02 2026...
