#-----------------------------------------------------------
# Vivado v2018.2 (64-bit)
# SW Build 2258646 on Thu Jun 14 20:03:12 MDT 2018
# IP Build 2256618 on Thu Jun 14 22:10:49 MDT 2018
# Start of session at: Wed Feb 18 20:49:36 2026
# Process ID: 11176
# Current directory: D:/2024EE92_SaadAliButt/Lab_1/Misc/Vivado/project_1
# Command line: vivado.exe -gui_launcher_event rodinguilauncherevent13456 D:\2024EE92_SaadAliButt\Lab_1\Misc\Vivado\project_1\project_1.xpr
# Log file: D:/2024EE92_SaadAliButt/Lab_1/Misc/Vivado/project_1/vivado.log
# Journal file: D:/2024EE92_SaadAliButt/Lab_1/Misc/Vivado/project_1\vivado.jou
#-----------------------------------------------------------
start_gui
open_project D:/2024EE92_SaadAliButt/Lab_1/Misc/Vivado/project_1/project_1.xpr
INFO: [Project 1-313] Project file moved from 'D:/DSD/Lab1/Vivado/project_1' since last save.
WARNING: [Project 1-312] File not found as 'D:/2024EE92_SaadAliButt/Lab_1/Misc/and_gate.sv'; using path 'D:/DSD/Lab1/and_gate.sv' instead.
Scanning sources...
Finished scanning sources
WARNING: [Project 1-312] File not found as 'D:/2024EE92_SaadAliButt/Lab_1/Misc/and_gate.sv'; using path 'D:/DSD/Lab1/and_gate.sv' instead.
WARNING: [Project 1-312] File not found as 'D:/2024EE92_SaadAliButt/Lab_1/Misc/and_gate.sv'; using path 'D:/DSD/Lab1/and_gate.sv' instead.
INFO: [IP_Flow 19-234] Refreshing IP repositories
INFO: [IP_Flow 19-1704] No user IP repositories specified
INFO: [IP_Flow 19-2313] Loaded Vivado IP repository 'D:/Xilinx/Vivado/2018.2/data/ip'.
open_project: Time (s): cpu = 00:00:12 ; elapsed = 00:00:11 . Memory (MB): peak = 884.227 ; gain = 144.387
update_compile_order -fileset sources_1
export_ip_user_files -of_objects  [get_files D:/DSD/Lab1/and_gate.sv] -no_script -reset -force -quiet
remove_files  D:/DSD/Lab1/and_gate.sv
add_files -norecurse D:/2024EE92_SaadAliButt/Lab_1/src/and_gate.sv
synth_design -rtl -name rtl_1
Command: synth_design -rtl -name rtl_1
Starting synth_design
Using part: xc7a100tcsg324-1
Top: and_gate
---------------------------------------------------------------------------------
Starting RTL Elaboration : Time (s): cpu = 00:00:02 ; elapsed = 00:00:02 . Memory (MB): peak = 998.734 ; gain = 64.984
---------------------------------------------------------------------------------
INFO: [Synth 8-6157] synthesizing module 'and_gate' [D:/2024EE92_SaadAliButt/Lab_1/src/and_gate.sv:1]
INFO: [Synth 8-6155] done synthesizing module 'and_gate' (1#1) [D:/2024EE92_SaadAliButt/Lab_1/src/and_gate.sv:1]
---------------------------------------------------------------------------------
Finished RTL Elaboration : Time (s): cpu = 00:00:02 ; elapsed = 00:00:03 . Memory (MB): peak = 1040.273 ; gain = 106.523
---------------------------------------------------------------------------------

Report Check Netlist: 
+------+------------------+-------+---------+-------+------------------+
|      |Item              |Errors |Warnings |Status |Description       |
+------+------------------+-------+---------+-------+------------------+
|1     |multi_driven_nets |      0|        0|Passed |Multi driven nets |
+------+------------------+-------+---------+-------+------------------+
---------------------------------------------------------------------------------
Start Handling Custom Attributes
---------------------------------------------------------------------------------
---------------------------------------------------------------------------------
Finished Handling Custom Attributes : Time (s): cpu = 00:00:02 ; elapsed = 00:00:03 . Memory (MB): peak = 1040.273 ; gain = 106.523
---------------------------------------------------------------------------------
---------------------------------------------------------------------------------
Finished RTL Optimization Phase 1 : Time (s): cpu = 00:00:02 ; elapsed = 00:00:03 . Memory (MB): peak = 1040.273 ; gain = 106.523
---------------------------------------------------------------------------------
INFO: [Device 21-403] Loading part xc7a100tcsg324-1
INFO: [Project 1-570] Preparing netlist for logic optimization

Processing XDC Constraints
Initializing timing engine
Parsing XDC File [D:/2024EE92_SaadAliButt/Lab_1/Misc/Vivado/project_1/project_1.srcs/constrs_1/new/io.xdc]
Finished Parsing XDC File [D:/2024EE92_SaadAliButt/Lab_1/Misc/Vivado/project_1/project_1.srcs/constrs_1/new/io.xdc]
Completed Processing XDC Constraints

INFO: [Opt 31-138] Pushed 0 inverter(s) to 0 load pin(s).
INFO: [Project 1-111] Unisim Transformation Summary:
No Unisim elements were transformed.

RTL Elaboration Complete:  : Time (s): cpu = 00:00:23 ; elapsed = 00:00:22 . Memory (MB): peak = 1442.680 ; gain = 508.930
6 Infos, 0 Warnings, 0 Critical Warnings and 0 Errors encountered.
synth_design completed successfully
synth_design: Time (s): cpu = 00:00:23 ; elapsed = 00:00:22 . Memory (MB): peak = 1442.680 ; gain = 508.930
reset_run synth_1
launch_runs synth_1 -jobs 6
[Wed Feb 18 20:53:04 2026] Launched synth_1...
Run output will be captured here: D:/2024EE92_SaadAliButt/Lab_1/Misc/Vivado/project_1/project_1.runs/synth_1/runme.log
launch_runs impl_1 -jobs 6
[Wed Feb 18 20:53:48 2026] Launched impl_1...
Run output will be captured here: D:/2024EE92_SaadAliButt/Lab_1/Misc/Vivado/project_1/project_1.runs/impl_1/runme.log
launch_runs impl_1 -to_step write_bitstream -jobs 6
[Wed Feb 18 20:55:12 2026] Launched impl_1...
Run output will be captured here: D:/2024EE92_SaadAliButt/Lab_1/Misc/Vivado/project_1/project_1.runs/impl_1/runme.log
close_design
open_run impl_1
INFO: [Netlist 29-17] Analyzing 2 Unisim elements for replacement
INFO: [Netlist 29-28] Unisim Transformation completed in 0 CPU seconds
INFO: [Project 1-479] Netlist was created with Vivado 2018.2
INFO: [Project 1-570] Preparing netlist for logic optimization
INFO: [Timing 38-478] Restoring timing data from binary archive.
INFO: [Timing 38-479] Binary timing data restore complete.
INFO: [Project 1-856] Restoring constraints from binary archive.
INFO: [Project 1-853] Binary constraint restore complete.
Reading XDEF placement.
Reading placer database...
Reading XDEF routing.
Read XDEF File: Time (s): cpu = 00:00:00 ; elapsed = 00:00:00.023 . Memory (MB): peak = 1883.957 ; gain = 0.000
Restored from archive | CPU: 0.000000 secs | Memory: 0.000000 MB |
Finished XDEF File Restore: Time (s): cpu = 00:00:00 ; elapsed = 00:00:00.023 . Memory (MB): peak = 1883.957 ; gain = 0.000
INFO: [Project 1-111] Unisim Transformation Summary:
No Unisim elements were transformed.

open_run: Time (s): cpu = 00:00:12 ; elapsed = 00:00:13 . Memory (MB): peak = 1936.277 ; gain = 486.738
WARNING: [Timing 38-313] There are no user specified timing constraints. Timing constraints are needed for proper timing analysis.
open_hw
connect_hw_server
INFO: [Labtools 27-2285] Connecting to hw_server url TCP:localhost:3121
INFO: [Labtools 27-2222] Launching hw_server...
INFO: [Labtools 27-2221] Launch Output:

****** Xilinx hw_server v2018.2
  **** Build date : Jun 14 2018-20:42:52
    ** Copyright 1986-2018 Xilinx, Inc. All Rights Reserved.


exit
INFO: [Common 17-206] Exiting Vivado at Wed Feb 18 20:56:51 2026...
